2025-12-10T10:37:23.253Z	Initializing build environment...
2025-12-10T10:37:25.262Z	Success: Finished initializing build environment
2025-12-10T10:37:25.635Z	Cloning repository...
2025-12-10T10:37:26.950Z	No build output detected to cache. Skipping.
2025-12-10T10:37:26.950Z	No dependencies detected to cache. Skipping.
2025-12-10T10:37:26.954Z	Detected the following tools from environment: bun@1.2.15, nodejs@22.16.0
2025-12-10T10:37:27.110Z	Installing project dependencies: bun install
2025-12-10T10:37:27.235Z	bun install v1.2.15 (df017990)
2025-12-10T10:37:27.258Z	Resolving dependencies
2025-12-10T10:37:28.304Z	Resolved, downloaded and extracted [890]
2025-12-10T10:37:28.695Z	Saved lockfile
2025-12-10T10:37:28.695Z	
2025-12-10T10:37:28.695Z	+ @types/node@22.19.2 (v24.10.2 available)
2025-12-10T10:37:28.695Z	+ @vitejs/plugin-react@5.1.2
2025-12-10T10:37:28.695Z	+ typescript@5.8.3 (v5.9.3 available)
2025-12-10T10:37:28.696Z	+ vite@6.4.1 (v7.2.7 available)
2025-12-10T10:37:28.696Z	+ @google/genai@1.32.0
2025-12-10T10:37:28.696Z	+ html-to-docx@1.8.0
2025-12-10T10:37:28.696Z	+ marked@16.4.2 (v17.0.1 available)
2025-12-10T10:37:28.696Z	+ react@19.2.1
2025-12-10T10:37:28.696Z	+ react-dom@19.2.1
2025-12-10T10:37:28.696Z	
2025-12-10T10:37:28.696Z	208 packages installed [1485.00ms]
2025-12-10T10:37:28.868Z	Executing user build command: npm run build
2025-12-10T10:37:29.148Z	
2025-12-10T10:37:29.149Z	> civicavita-ab---global-health-&-humanitarian-science@0.0.0 build
2025-12-10T10:37:29.149Z	> vite build
2025-12-10T10:37:29.149Z	
2025-12-10T10:37:29.372Z	vite v6.4.1 building for production...
2025-12-10T10:37:29.443Z	
2025-12-10T10:37:29.443Z	/index.css doesn't exist at build time, it will remain unchanged to be resolved at runtime
2025-12-10T10:37:29.450Z	transforming...
2025-12-10T10:37:30.299Z	[plugin vite:resolve] Module "crypto" has been externalized for browser compatibility, imported by "/opt/buildhome/repo/node_modules/html-to-docx/dist/html-to-docx.esm.js". See https://vite.dev/guide/troubleshooting.html#module-externalized-for-browser-compatibility for more details.
2025-12-10T10:37:30.301Z	[plugin vite:resolve] Module "fs" has been externalized for browser compatibility, imported by "/opt/buildhome/repo/node_modules/html-to-docx/dist/html-to-docx.esm.js". See https://vite.dev/guide/troubleshooting.html#module-externalized-for-browser-compatibility for more details.
2025-12-10T10:37:30.301Z	[plugin vite:resolve] Module "path" has been externalized for browser compatibility, imported by "/opt/buildhome/repo/node_modules/html-to-docx/dist/html-to-docx.esm.js". See https://vite.dev/guide/troubleshooting.html#module-externalized-for-browser-compatibility for more details.
2025-12-10T10:37:30.301Z	[plugin vite:resolve] Module "util" has been externalized for browser compatibility, imported by "/opt/buildhome/repo/node_modules/html-to-docx/dist/html-to-docx.esm.js". See https://vite.dev/guide/troubleshooting.html#module-externalized-for-browser-compatibility for more details.
2025-12-10T10:37:30.302Z	[plugin vite:resolve] Module "events" has been externalized for browser compatibility, imported by "/opt/buildhome/repo/node_modules/html-to-docx/dist/html-to-docx.esm.js". See https://vite.dev/guide/troubleshooting.html#module-externalized-for-browser-compatibility for more details.
2025-12-10T10:37:30.302Z	[plugin vite:resolve] Module "stream" has been externalized for browser compatibility, imported by "/opt/buildhome/repo/node_modules/html-to-docx/dist/html-to-docx.esm.js". See https://vite.dev/guide/troubleshooting.html#module-externalized-for-browser-compatibility for more details.
2025-12-10T10:37:30.302Z	[plugin vite:resolve] Module "http" has been externalized for browser compatibility, imported by "/opt/buildhome/repo/node_modules/html-to-docx/dist/html-to-docx.esm.js". See https://vite.dev/guide/troubleshooting.html#module-externalized-for-browser-compatibility for more details.
2025-12-10T10:37:30.302Z	[plugin vite:resolve] Module "url" has been externalized for browser compatibility, imported by "/opt/buildhome/repo/node_modules/html-to-docx/dist/html-to-docx.esm.js". See https://vite.dev/guide/troubleshooting.html#module-externalized-for-browser-compatibility for more details.
2025-12-10T10:37:30.302Z	[plugin vite:resolve] Module "https" has been externalized for browser compatibility, imported by "/opt/buildhome/repo/node_modules/html-to-docx/dist/html-to-docx.esm.js". See https://vite.dev/guide/troubleshooting.html#module-externalized-for-browser-compatibility for more details.
2025-12-10T10:37:30.303Z	[plugin vite:resolve] Module "zlib" has been externalized for browser compatibility, imported by "/opt/buildhome/repo/node_modules/html-to-docx/dist/html-to-docx.esm.js". See https://vite.dev/guide/troubleshooting.html#module-externalized-for-browser-compatibility for more details.
2025-12-10T10:37:30.390Z	[plugin vite:resolve] Module "util" has been externalized for browser compatibility, imported by "/opt/buildhome/repo/node_modules/xmlbuilder2/lib/index.js". See https://vite.dev/guide/troubleshooting.html#module-externalized-for-browser-compatibility for more details.
2025-12-10T10:37:30.532Z	[plugin vite:resolve] Module "util" has been externalized for browser compatibility, imported by "/opt/buildhome/repo/node_modules/xmlbuilder2/lib/builder/dom.js". See https://vite.dev/guide/troubleshooting.html#module-externalized-for-browser-compatibility for more details.
2025-12-10T10:37:30.573Z	[plugin vite:resolve] Module "events" has been externalized for browser compatibility, imported by "/opt/buildhome/repo/node_modules/xmlbuilder2/lib/builder/XMLBuilderCBImpl.js". See https://vite.dev/guide/troubleshooting.html#module-externalized-for-browser-compatibility for more details.
2025-12-10T10:37:30.770Z	[plugin vite:resolve] Module "url" has been externalized for browser compatibility, imported by "/opt/buildhome/repo/node_modules/@oozcitak/url/lib/URLAlgorithm.js". See https://vite.dev/guide/troubleshooting.html#module-externalized-for-browser-compatibility for more details.
2025-12-10T10:37:30.778Z	[plugin vite:resolve] Module "events" has been externalized for browser compatibility, imported by "/opt/buildhome/repo/node_modules/htmlparser2/lib/Parser.js". See https://vite.dev/guide/troubleshooting.html#module-externalized-for-browser-compatibility for more details.
2025-12-10T10:37:30.787Z	[plugin vite:resolve] Module "buffer" has been externalized for browser compatibility, imported by "/opt/buildhome/repo/node_modules/htmlparser2/lib/WritableStream.js". See https://vite.dev/guide/troubleshooting.html#module-externalized-for-browser-compatibility for more details.
2025-12-10T10:37:30.955Z	[plugin vite:resolve] Module "buffer" has been externalized for browser compatibility, imported by "/opt/buildhome/repo/node_modules/safe-buffer/index.js". See https://vite.dev/guide/troubleshooting.html#module-externalized-for-browser-compatibility for more details.
2025-12-10T10:37:33.511Z	‚úì 496 modules transformed.
2025-12-10T10:37:34.179Z	rendering chunks...
2025-12-10T10:37:34.432Z	computing gzip size...
2025-12-10T10:37:34.469Z	dist/index.html                               6.48 kB ‚îÇ gzip:   2.18 kB
2025-12-10T10:37:34.470Z	dist/assets/index-tCe_KS23.js               631.32 kB ‚îÇ gzip: 160.44 kB
2025-12-10T10:37:34.470Z	dist/assets/html-to-docx.esm-ChOzO8sQ.js  1,230.72 kB ‚îÇ gzip: 342.34 kB
2025-12-10T10:37:34.470Z	‚úì built in 5.08s
2025-12-10T10:37:34.470Z	
2025-12-10T10:37:34.470Z	(!) Some chunks are larger than 500 kB after minification. Consider:
2025-12-10T10:37:34.470Z	- Using dynamic import() to code-split the application
2025-12-10T10:37:34.470Z	- Use build.rollupOptions.output.manualChunks to improve chunking: https://rollupjs.org/configuration-options/#output-manualchunks
2025-12-10T10:37:34.470Z	- Adjust chunk size limit for this warning via build.chunkSizeWarningLimit.
2025-12-10T10:37:34.540Z	Success: Build command completed
2025-12-10T10:37:34.696Z	Executing user deploy command: npx wrangler pages deploy dist
2025-12-10T10:37:36.686Z	npm warn exec The following package was not found and will be installed: wrangler@4.53.0
2025-12-10T10:37:50.658Z	
2025-12-10T10:37:50.658Z	 ‚õÖÔ∏è wrangler 4.53.0
2025-12-10T10:37:50.658Z	‚îÄ‚îÄ‚îÄ‚îÄ‚îÄ‚îÄ‚îÄ‚îÄ‚îÄ‚îÄ‚îÄ‚îÄ‚îÄ‚îÄ‚îÄ‚îÄ‚îÄ‚îÄ‚îÄ
2025-12-10T10:37:50.670Z	
2025-12-10T10:37:50.737Z	‚úò [ERROR] Must specify a project name.
2025-12-10T10:37:50.737Z	
2025-12-10T10:37:50.737Z	
2025-12-10T10:37:50.766Z	ü™µ  Logs were written to "/opt/buildhome/.config/.wrangler/logs/wrangler-2025-12-10_10-37-50_097.log"
2025-12-10T10:37:50.916Z	Failed: error occurred while running deploy command